<?xml version="1.0" encoding="UTF-8"?>
<!-- Generated by org.testng.reporters.JUnitReportReporter -->
<testsuite hostname="LTIN283107" failures="0" tests="2" name="testcases.TC002_Living_Submenu" time="4.696" errors="0" timestamp="2024-03-20T21:27:33 IST" skipped="0">
  <testcase classname="testcases.TC002_Living_Submenu" name="viewLiving" time="3.192"/>
  <testcase classname="testcases.TC002_Living_Submenu" name="printSubmenu" time="1.504"/>
</testsuite> <!-- testcases.TC002_Living_Submenu -->
