<?xml version="1.0" encoding="UTF-8"?>
<!-- Generated by org.testng.reporters.JUnitReportReporter -->
<testsuite hostname="LTIN283107" failures="0" tests="3" name="testcases.TC003_GiftCards" time="15.321" errors="0" timestamp="2024-03-20T21:27:33 IST" skipped="0">
  <testcase classname="testcases.TC003_GiftCards" name="ChooseBirthdayGiftCard" time="5.678"/>
  <testcase classname="testcases.TC003_GiftCards" name="NegativeTestCase" time="4.676"/>
  <testcase classname="testcases.TC003_GiftCards" name="PositiveTestCase" time="4.967"/>
</testsuite> <!-- testcases.TC003_GiftCards -->
