<?xml version="1.0" encoding="UTF-8"?>
<!-- Generated by org.testng.reporters.JUnitReportReporter -->
<testsuite hostname="LTIN283107" failures="0" tests="3" name="testcases.TC001_BookShelves" time="26.762" errors="0" timestamp="2024-03-20T21:27:33 IST" skipped="0">
  <testcase classname="testcases.TC001_BookShelves" name="select_bookshelves" time="5.468"/>
  <testcase classname="testcases.TC001_BookShelves" name="SelectFilters" time="14.174"/>
  <testcase classname="testcases.TC001_BookShelves" name="printProductDetails" time="7.120"/>
</testsuite> <!-- testcases.TC001_BookShelves -->
